{"level":"INFO","timeStamp":"2025-10-09 10:23:13","source Code":"server/election.go:103","message":"You were elected leader"}
{"level":"INFO","timeStamp":"2025-10-09 10:23:13","source Code":"server/server.go:244","message":"Server init config:","address":"0.0.0.0:9393"}
{"level":"INFO","timeStamp":"2025-10-09 10:23:13","source Code":"server/server.go:256","message":"Starting server on","address":"0.0.0.0:9393"}
{"level":"INFO","timeStamp":"2025-10-09 10:23:13","source Code":"server/server.go:429","message":"Starting metrics server on","endpoint":":9090"}
{"level":"INFO","timeStamp":"2025-10-09 10:23:29","source Code":"server/server.go:244","message":"Server init config:","address":"0.0.0.0:6380"}
{"level":"INFO","timeStamp":"2025-10-09 10:23:29","source Code":"server/server.go:256","message":"Starting server on","address":"0.0.0.0:6380"}
{"level":"INFO","timeStamp":"2025-10-09 10:23:29","source Code":"server/server.go:429","message":"Starting metrics server on","endpoint":":9090"}
{"level":"WARN","timeStamp":"2025-10-09 10:23:29","source Code":"server/server.go:431","message":"Error starting metrics server","error":"listen tcp :9090: bind: address already in use"}
{"level":"INFO","timeStamp":"2025-10-09 10:23:29","source Code":"server/server.go:429","message":"Starting metrics server on","endpoint":":9090"}
{"level":"WARN","timeStamp":"2025-10-09 10:23:29","source Code":"server/server.go:431","message":"Error starting metrics server","error":"listen tcp :9090: bind: address already in use"}
{"level":"INFO","timeStamp":"2025-10-09 10:23:33","source Code":"server/server.go:376","message":"Starting health check listener on","address":":"}
{"level":"INFO","timeStamp":"2025-10-09 10:23:34","source Code":"server/election.go:325","message":"No events received, continuing..."}
{"level":"INFO","timeStamp":"2025-10-09 10:23:39","source Code":"server/election.go:325","message":"No events received, continuing..."}
{"level":"INFO","timeStamp":"2025-10-09 10:23:44","source Code":"server/election.go:325","message":"No events received, continuing..."}
{"level":"INFO","timeStamp":"2025-10-09 10:23:49","source Code":"server/election.go:325","message":"No events received, continuing..."}
{"level":"INFO","timeStamp":"2025-10-09 10:23:49","source Code":"server/server.go:376","message":"Starting health check listener on","address":":"}
{"level":"INFO","timeStamp":"2025-10-09 10:23:54","source Code":"server/election.go:325","message":"No events received, continuing..."}
{"level":"INFO","timeStamp":"2025-10-09 10:23:59","source Code":"server/election.go:325","message":"No events received, continuing..."}
{"level":"INFO","timeStamp":"2025-10-09 10:24:04","source Code":"server/election.go:325","message":"No events received, continuing..."}
{"level":"INFO","timeStamp":"2025-10-09 10:24:09","source Code":"server/election.go:325","message":"No events received, continuing..."}
{"level":"INFO","timeStamp":"2025-10-09 10:24:14","source Code":"server/election.go:325","message":"No events received, continuing..."}
{"level":"INFO","timeStamp":"2025-10-09 10:24:19","source Code":"server/election.go:325","message":"No events received, continuing..."}
{"level":"INFO","timeStamp":"2025-10-09 10:24:24","source Code":"server/election.go:325","message":"No events received, continuing..."}
{"level":"INFO","timeStamp":"2025-10-09 10:24:29","source Code":"server/election.go:325","message":"No events received, continuing..."}
{"level":"INFO","timeStamp":"2025-10-09 10:24:34","source Code":"server/election.go:325","message":"No events received, continuing..."}
{"level":"INFO","timeStamp":"2025-10-09 10:24:39","source Code":"server/election.go:325","message":"No events received, continuing..."}
{"level":"INFO","timeStamp":"2025-10-09 10:24:44","source Code":"server/election.go:325","message":"No events received, continuing..."}
{"level":"INFO","timeStamp":"2025-10-09 10:24:49","source Code":"server/election.go:325","message":"No events received, continuing..."}
{"level":"INFO","timeStamp":"2025-10-09 10:24:54","source Code":"server/election.go:325","message":"No events received, continuing..."}
{"level":"INFO","timeStamp":"2025-10-09 10:24:59","source Code":"server/election.go:325","message":"No events received, continuing..."}
{"level":"INFO","timeStamp":"2025-10-09 10:25:04","source Code":"server/election.go:325","message":"No events received, continuing..."}
{"level":"INFO","timeStamp":"2025-10-09 10:25:09","source Code":"server/election.go:325","message":"No events received, continuing..."}
{"level":"INFO","timeStamp":"2025-10-09 10:25:14","source Code":"server/election.go:325","message":"No events received, continuing..."}
{"level":"INFO","timeStamp":"2025-10-09 10:25:19","source Code":"server/election.go:325","message":"No events received, continuing..."}
{"level":"INFO","timeStamp":"2025-10-09 10:25:24","source Code":"server/election.go:325","message":"No events received, continuing..."}
{"level":"INFO","timeStamp":"2025-10-09 10:25:29","source Code":"server/election.go:325","message":"No events received, continuing..."}
{"level":"INFO","timeStamp":"2025-10-09 10:25:34","source Code":"server/election.go:325","message":"No events received, continuing..."}
{"level":"INFO","timeStamp":"2025-10-09 10:25:39","source Code":"server/election.go:325","message":"No events received, continuing..."}
{"level":"INFO","timeStamp":"2025-10-09 10:25:44","source Code":"server/election.go:325","message":"No events received, continuing..."}
{"level":"INFO","timeStamp":"2025-10-09 10:25:49","source Code":"server/election.go:325","message":"No events received, continuing..."}
{"level":"INFO","timeStamp":"2025-10-09 10:25:54","source Code":"server/election.go:325","message":"No events received, continuing..."}
{"level":"INFO","timeStamp":"2025-10-09 10:25:59","source Code":"server/election.go:325","message":"No events received, continuing..."}
{"level":"INFO","timeStamp":"2025-10-09 10:26:04","source Code":"server/election.go:325","message":"No events received, continuing..."}
{"level":"INFO","timeStamp":"2025-10-09 10:26:09","source Code":"server/election.go:325","message":"No events received, continuing..."}
{"level":"INFO","timeStamp":"2025-10-09 10:26:14","source Code":"server/election.go:325","message":"No events received, continuing..."}
{"level":"INFO","timeStamp":"2025-10-09 10:26:19","source Code":"server/election.go:325","message":"No events received, continuing..."}
{"level":"INFO","timeStamp":"2025-10-09 10:26:24","source Code":"server/election.go:325","message":"No events received, continuing..."}
{"level":"INFO","timeStamp":"2025-10-09 10:26:29","source Code":"server/election.go:325","message":"No events received, continuing..."}
{"level":"INFO","timeStamp":"2025-10-09 10:26:34","source Code":"server/election.go:325","message":"No events received, continuing..."}
{"level":"INFO","timeStamp":"2025-10-09 10:26:39","source Code":"server/election.go:325","message":"No events received, continuing..."}
{"level":"INFO","timeStamp":"2025-10-09 10:26:44","source Code":"server/election.go:325","message":"No events received, continuing..."}
{"level":"INFO","timeStamp":"2025-10-09 10:26:49","source Code":"server/election.go:325","message":"No events received, continuing..."}
{"level":"INFO","timeStamp":"2025-10-09 10:26:54","source Code":"server/election.go:325","message":"No events received, continuing..."}
{"level":"INFO","timeStamp":"2025-10-09 10:26:59","source Code":"server/election.go:325","message":"No events received, continuing..."}
{"level":"INFO","timeStamp":"2025-10-09 10:27:04","source Code":"server/election.go:325","message":"No events received, continuing..."}
{"level":"INFO","timeStamp":"2025-10-09 10:27:09","source Code":"server/election.go:325","message":"No events received, continuing..."}
{"level":"INFO","timeStamp":"2025-10-09 10:27:14","source Code":"server/election.go:325","message":"No events received, continuing..."}
{"level":"INFO","timeStamp":"2025-10-09 10:27:19","source Code":"server/election.go:325","message":"No events received, continuing..."}
{"level":"INFO","timeStamp":"2025-10-09 10:27:24","source Code":"server/election.go:325","message":"No events received, continuing..."}
{"level":"INFO","timeStamp":"2025-10-09 10:27:29","source Code":"server/election.go:325","message":"No events received, continuing..."}
{"level":"INFO","timeStamp":"2025-10-09 10:27:34","source Code":"server/election.go:325","message":"No events received, continuing..."}
{"level":"INFO","timeStamp":"2025-10-09 10:27:39","source Code":"server/election.go:325","message":"No events received, continuing..."}
{"level":"INFO","timeStamp":"2025-10-09 10:27:44","source Code":"server/election.go:325","message":"No events received, continuing..."}
{"level":"INFO","timeStamp":"2025-10-09 10:27:49","source Code":"server/election.go:325","message":"No events received, continuing..."}
{"level":"INFO","timeStamp":"2025-10-09 10:27:54","source Code":"server/election.go:325","message":"No events received, continuing..."}
{"level":"INFO","timeStamp":"2025-10-09 10:27:59","source Code":"server/election.go:325","message":"No events received, continuing..."}
{"level":"INFO","timeStamp":"2025-10-09 10:28:04","source Code":"server/election.go:325","message":"No events received, continuing..."}
{"level":"INFO","timeStamp":"2025-10-09 10:28:09","source Code":"server/election.go:325","message":"No events received, continuing..."}
{"level":"INFO","timeStamp":"2025-10-09 10:28:14","source Code":"server/election.go:325","message":"No events received, continuing..."}
{"level":"INFO","timeStamp":"2025-10-09 10:28:19","source Code":"server/election.go:325","message":"No events received, continuing..."}
{"level":"INFO","timeStamp":"2025-10-09 10:28:24","source Code":"server/election.go:325","message":"No events received, continuing..."}
{"level":"INFO","timeStamp":"2025-10-09 10:28:29","source Code":"server/election.go:325","message":"No events received, continuing..."}
{"level":"INFO","timeStamp":"2025-10-09 10:28:34","source Code":"server/election.go:325","message":"No events received, continuing..."}
{"level":"INFO","timeStamp":"2025-10-09 10:28:39","source Code":"server/election.go:325","message":"No events received, continuing..."}
{"level":"INFO","timeStamp":"2025-10-09 10:28:44","source Code":"server/election.go:325","message":"No events received, continuing..."}
{"level":"INFO","timeStamp":"2025-10-09 10:28:49","source Code":"server/election.go:325","message":"No events received, continuing..."}
{"level":"INFO","timeStamp":"2025-10-09 10:28:54","source Code":"server/election.go:325","message":"No events received, continuing..."}
{"level":"INFO","timeStamp":"2025-10-09 10:28:59","source Code":"server/election.go:325","message":"No events received, continuing..."}
{"level":"INFO","timeStamp":"2025-10-09 10:29:04","source Code":"server/election.go:325","message":"No events received, continuing..."}
{"level":"INFO","timeStamp":"2025-10-09 10:29:09","source Code":"server/election.go:325","message":"No events received, continuing..."}
{"level":"INFO","timeStamp":"2025-10-09 10:29:14","source Code":"server/election.go:325","message":"No events received, continuing..."}
{"level":"INFO","timeStamp":"2025-10-09 10:29:19","source Code":"server/election.go:325","message":"No events received, continuing..."}
{"level":"INFO","timeStamp":"2025-10-09 10:29:24","source Code":"server/election.go:325","message":"No events received, continuing..."}
{"level":"INFO","timeStamp":"2025-10-09 10:29:29","source Code":"server/election.go:325","message":"No events received, continuing..."}
{"level":"INFO","timeStamp":"2025-10-09 10:29:34","source Code":"server/election.go:325","message":"No events received, continuing..."}
{"level":"INFO","timeStamp":"2025-10-09 10:29:39","source Code":"server/election.go:325","message":"No events received, continuing..."}
{"level":"INFO","timeStamp":"2025-10-09 10:29:44","source Code":"server/election.go:325","message":"No events received, continuing..."}
{"level":"INFO","timeStamp":"2025-10-09 10:29:49","source Code":"server/election.go:325","message":"No events received, continuing..."}
{"level":"INFO","timeStamp":"2025-10-09 10:29:54","source Code":"server/election.go:325","message":"No events received, continuing..."}
{"level":"INFO","timeStamp":"2025-10-09 10:29:59","source Code":"server/election.go:325","message":"No events received, continuing..."}
{"level":"INFO","timeStamp":"2025-10-09 10:30:04","source Code":"server/election.go:325","message":"No events received, continuing..."}
{"level":"INFO","timeStamp":"2025-10-09 10:30:09","source Code":"server/election.go:325","message":"No events received, continuing..."}
{"level":"INFO","timeStamp":"2025-10-09 10:30:14","source Code":"server/election.go:325","message":"No events received, continuing..."}
{"level":"INFO","timeStamp":"2025-10-09 10:30:19","source Code":"server/election.go:325","message":"No events received, continuing..."}
{"level":"INFO","timeStamp":"2025-10-09 10:30:24","source Code":"server/election.go:325","message":"No events received, continuing..."}
{"level":"INFO","timeStamp":"2025-10-09 10:30:29","source Code":"server/election.go:325","message":"No events received, continuing..."}
{"level":"INFO","timeStamp":"2025-10-09 10:30:34","source Code":"server/election.go:325","message":"No events received, continuing..."}
{"level":"INFO","timeStamp":"2025-10-09 10:30:39","source Code":"server/election.go:325","message":"No events received, continuing..."}
{"level":"INFO","timeStamp":"2025-10-09 10:30:44","source Code":"server/election.go:325","message":"No events received, continuing..."}
{"level":"INFO","timeStamp":"2025-10-09 10:30:49","source Code":"server/election.go:325","message":"No events received, continuing..."}
{"level":"INFO","timeStamp":"2025-10-09 10:30:54","source Code":"server/election.go:325","message":"No events received, continuing..."}
{"level":"INFO","timeStamp":"2025-10-09 10:30:59","source Code":"server/election.go:325","message":"No events received, continuing..."}
{"level":"INFO","timeStamp":"2025-10-09 10:31:04","source Code":"server/election.go:325","message":"No events received, continuing..."}
{"level":"INFO","timeStamp":"2025-10-09 10:31:09","source Code":"server/election.go:325","message":"No events received, continuing..."}
{"level":"INFO","timeStamp":"2025-10-09 10:31:14","source Code":"server/election.go:325","message":"No events received, continuing..."}
{"level":"INFO","timeStamp":"2025-10-09 10:31:19","source Code":"server/election.go:325","message":"No events received, continuing..."}
{"level":"INFO","timeStamp":"2025-10-09 10:31:24","source Code":"server/election.go:325","message":"No events received, continuing..."}
{"level":"INFO","timeStamp":"2025-10-09 10:31:29","source Code":"server/election.go:325","message":"No events received, continuing..."}
{"level":"INFO","timeStamp":"2025-10-09 10:31:34","source Code":"server/election.go:325","message":"No events received, continuing..."}
{"level":"INFO","timeStamp":"2025-10-09 10:31:39","source Code":"server/election.go:325","message":"No events received, continuing..."}
{"level":"INFO","timeStamp":"2025-10-09 10:31:44","source Code":"server/election.go:325","message":"No events received, continuing..."}
{"level":"INFO","timeStamp":"2025-10-09 10:31:49","source Code":"server/election.go:325","message":"No events received, continuing..."}
{"level":"INFO","timeStamp":"2025-10-09 10:31:54","source Code":"server/election.go:325","message":"No events received, continuing..."}
{"level":"INFO","timeStamp":"2025-10-09 10:31:59","source Code":"server/election.go:325","message":"No events received, continuing..."}
{"level":"INFO","timeStamp":"2025-10-09 10:32:04","source Code":"server/election.go:325","message":"No events received, continuing..."}
{"level":"INFO","timeStamp":"2025-10-09 10:32:09","source Code":"server/election.go:325","message":"No events received, continuing..."}
{"level":"INFO","timeStamp":"2025-10-09 10:32:14","source Code":"server/election.go:325","message":"No events received, continuing..."}
{"level":"INFO","timeStamp":"2025-10-09 10:32:19","source Code":"server/election.go:325","message":"No events received, continuing..."}
{"level":"INFO","timeStamp":"2025-10-09 10:32:24","source Code":"server/election.go:325","message":"No events received, continuing..."}
{"level":"INFO","timeStamp":"2025-10-09 10:32:29","source Code":"server/election.go:325","message":"No events received, continuing..."}
{"level":"INFO","timeStamp":"2025-10-09 10:32:34","source Code":"server/election.go:325","message":"No events received, continuing..."}
{"level":"INFO","timeStamp":"2025-10-09 10:32:39","source Code":"server/election.go:325","message":"No events received, continuing..."}
{"level":"INFO","timeStamp":"2025-10-09 10:32:44","source Code":"server/election.go:325","message":"No events received, continuing..."}
{"level":"INFO","timeStamp":"2025-10-09 10:32:49","source Code":"server/election.go:325","message":"No events received, continuing..."}
{"level":"INFO","timeStamp":"2025-10-09 10:32:54","source Code":"server/election.go:325","message":"No events received, continuing..."}
{"level":"INFO","timeStamp":"2025-10-09 10:32:59","source Code":"server/election.go:325","message":"No events received, continuing..."}
{"level":"INFO","timeStamp":"2025-10-09 10:33:04","source Code":"server/election.go:325","message":"No events received, continuing..."}
{"level":"INFO","timeStamp":"2025-10-09 10:33:09","source Code":"server/election.go:325","message":"No events received, continuing..."}
{"level":"INFO","timeStamp":"2025-10-09 10:33:14","source Code":"server/election.go:325","message":"No events received, continuing..."}
{"level":"INFO","timeStamp":"2025-10-09 10:33:19","source Code":"server/election.go:325","message":"No events received, continuing..."}
{"level":"INFO","timeStamp":"2025-10-09 10:33:24","source Code":"server/election.go:325","message":"No events received, continuing..."}
{"level":"INFO","timeStamp":"2025-10-09 10:33:29","source Code":"server/election.go:325","message":"No events received, continuing..."}
{"level":"INFO","timeStamp":"2025-10-09 10:33:34","source Code":"server/election.go:325","message":"No events received, continuing..."}
{"level":"INFO","timeStamp":"2025-10-09 10:33:39","source Code":"server/election.go:325","message":"No events received, continuing..."}
{"level":"INFO","timeStamp":"2025-10-09 10:33:44","source Code":"server/election.go:325","message":"No events received, continuing..."}
{"level":"INFO","timeStamp":"2025-10-09 10:33:49","source Code":"server/election.go:325","message":"No events received, continuing..."}
{"level":"INFO","timeStamp":"2025-10-09 10:33:54","source Code":"server/election.go:325","message":"No events received, continuing..."}
{"level":"INFO","timeStamp":"2025-10-09 10:33:59","source Code":"server/election.go:325","message":"No events received, continuing..."}
{"level":"INFO","timeStamp":"2025-10-09 10:34:04","source Code":"server/election.go:325","message":"No events received, continuing..."}
{"level":"INFO","timeStamp":"2025-10-09 10:34:09","source Code":"server/election.go:325","message":"No events received, continuing..."}
{"level":"INFO","timeStamp":"2025-10-09 10:34:14","source Code":"server/election.go:325","message":"No events received, continuing..."}
{"level":"INFO","timeStamp":"2025-10-09 10:34:19","source Code":"server/election.go:325","message":"No events received, continuing..."}
{"level":"INFO","timeStamp":"2025-10-09 10:34:24","source Code":"server/election.go:325","message":"No events received, continuing..."}
{"level":"INFO","timeStamp":"2025-10-09 10:34:29","source Code":"server/election.go:325","message":"No events received, continuing..."}
{"level":"INFO","timeStamp":"2025-10-09 10:34:34","source Code":"server/election.go:325","message":"No events received, continuing..."}
{"level":"INFO","timeStamp":"2025-10-09 10:34:39","source Code":"server/election.go:325","message":"No events received, continuing..."}
{"level":"INFO","timeStamp":"2025-10-09 10:34:44","source Code":"server/election.go:325","message":"No events received, continuing..."}
{"level":"INFO","timeStamp":"2025-10-09 10:34:49","source Code":"server/election.go:325","message":"No events received, continuing..."}
{"level":"INFO","timeStamp":"2025-10-09 10:34:54","source Code":"server/election.go:325","message":"No events received, continuing..."}
{"level":"INFO","timeStamp":"2025-10-09 10:34:59","source Code":"server/election.go:325","message":"No events received, continuing..."}
{"level":"INFO","timeStamp":"2025-10-09 10:35:04","source Code":"server/election.go:325","message":"No events received, continuing..."}
{"level":"INFO","timeStamp":"2025-10-09 10:35:09","source Code":"server/election.go:325","message":"No events received, continuing..."}
{"level":"INFO","timeStamp":"2025-10-09 10:35:14","source Code":"server/election.go:325","message":"No events received, continuing..."}
{"level":"INFO","timeStamp":"2025-10-09 10:35:19","source Code":"server/election.go:325","message":"No events received, continuing..."}
{"level":"INFO","timeStamp":"2025-10-09 10:35:24","source Code":"server/election.go:325","message":"No events received, continuing..."}
{"level":"INFO","timeStamp":"2025-10-09 10:35:29","source Code":"server/election.go:325","message":"No events received, continuing..."}
{"level":"INFO","timeStamp":"2025-10-09 10:35:34","source Code":"server/election.go:325","message":"No events received, continuing..."}
{"level":"INFO","timeStamp":"2025-10-09 10:35:39","source Code":"server/election.go:325","message":"No events received, continuing..."}
{"level":"INFO","timeStamp":"2025-10-09 10:35:44","source Code":"server/election.go:325","message":"No events received, continuing..."}
{"level":"INFO","timeStamp":"2025-10-09 10:35:49","source Code":"server/election.go:325","message":"No events received, continuing..."}
{"level":"INFO","timeStamp":"2025-10-09 10:35:54","source Code":"server/election.go:325","message":"No events received, continuing..."}
{"level":"INFO","timeStamp":"2025-10-09 10:35:59","source Code":"server/election.go:325","message":"No events received, continuing..."}
{"level":"INFO","timeStamp":"2025-10-09 10:36:04","source Code":"server/election.go:325","message":"No events received, continuing..."}
{"level":"INFO","timeStamp":"2025-10-09 10:36:09","source Code":"server/election.go:325","message":"No events received, continuing..."}
{"level":"INFO","timeStamp":"2025-10-09 10:36:14","source Code":"server/election.go:325","message":"No events received, continuing..."}
{"level":"INFO","timeStamp":"2025-10-09 10:36:19","source Code":"server/election.go:325","message":"No events received, continuing..."}
{"level":"INFO","timeStamp":"2025-10-09 10:36:24","source Code":"server/election.go:325","message":"No events received, continuing..."}
{"level":"INFO","timeStamp":"2025-10-09 10:36:29","source Code":"server/election.go:325","message":"No events received, continuing..."}
{"level":"INFO","timeStamp":"2025-10-09 10:36:34","source Code":"server/election.go:325","message":"No events received, continuing..."}
{"level":"INFO","timeStamp":"2025-10-09 10:36:39","source Code":"server/election.go:325","message":"No events received, continuing..."}
{"level":"INFO","timeStamp":"2025-10-09 10:36:44","source Code":"server/election.go:325","message":"No events received, continuing..."}
{"level":"INFO","timeStamp":"2025-10-09 10:36:49","source Code":"server/election.go:325","message":"No events received, continuing..."}
{"level":"INFO","timeStamp":"2025-10-09 10:36:54","source Code":"server/election.go:325","message":"No events received, continuing..."}
{"level":"INFO","timeStamp":"2025-10-09 10:36:59","source Code":"server/election.go:325","message":"No events received, continuing..."}
{"level":"INFO","timeStamp":"2025-10-09 10:37:04","source Code":"server/election.go:325","message":"No events received, continuing..."}
{"level":"INFO","timeStamp":"2025-10-09 10:37:09","source Code":"server/election.go:325","message":"No events received, continuing..."}
{"level":"INFO","timeStamp":"2025-10-09 10:37:14","source Code":"server/election.go:325","message":"No events received, continuing..."}
{"level":"INFO","timeStamp":"2025-10-09 10:37:19","source Code":"server/election.go:325","message":"No events received, continuing..."}
{"level":"INFO","timeStamp":"2025-10-09 10:37:24","source Code":"server/election.go:325","message":"No events received, continuing..."}
{"level":"INFO","timeStamp":"2025-10-09 10:37:29","source Code":"server/election.go:325","message":"No events received, continuing..."}
{"level":"INFO","timeStamp":"2025-10-09 10:37:34","source Code":"server/election.go:325","message":"No events received, continuing..."}
{"level":"INFO","timeStamp":"2025-10-09 10:37:39","source Code":"server/election.go:325","message":"No events received, continuing..."}
{"level":"INFO","timeStamp":"2025-10-09 10:37:44","source Code":"server/election.go:325","message":"No events received, continuing..."}
{"level":"INFO","timeStamp":"2025-10-09 10:37:49","source Code":"server/election.go:325","message":"No events received, continuing..."}
{"level":"INFO","timeStamp":"2025-10-09 10:37:54","source Code":"server/election.go:325","message":"No events received, continuing..."}
{"level":"INFO","timeStamp":"2025-10-09 10:37:59","source Code":"server/election.go:325","message":"No events received, continuing..."}
{"level":"INFO","timeStamp":"2025-10-09 10:38:04","source Code":"server/election.go:325","message":"No events received, continuing..."}
{"level":"INFO","timeStamp":"2025-10-09 10:38:09","source Code":"server/election.go:325","message":"No events received, continuing..."}
{"level":"INFO","timeStamp":"2025-10-09 10:38:14","source Code":"server/election.go:325","message":"No events received, continuing..."}
{"level":"INFO","timeStamp":"2025-10-09 10:38:19","source Code":"server/election.go:325","message":"No events received, continuing..."}
{"level":"INFO","timeStamp":"2025-10-09 10:38:24","source Code":"server/election.go:325","message":"No events received, continuing..."}
{"level":"INFO","timeStamp":"2025-10-09 10:38:29","source Code":"server/election.go:325","message":"No events received, continuing..."}
{"level":"INFO","timeStamp":"2025-10-09 10:38:34","source Code":"server/election.go:325","message":"No events received, continuing..."}
{"level":"INFO","timeStamp":"2025-10-09 10:38:39","source Code":"server/election.go:325","message":"No events received, continuing..."}
{"level":"INFO","timeStamp":"2025-10-09 10:38:44","source Code":"server/election.go:325","message":"No events received, continuing..."}
{"level":"INFO","timeStamp":"2025-10-09 10:38:49","source Code":"server/election.go:325","message":"No events received, continuing..."}
{"level":"INFO","timeStamp":"2025-10-09 10:38:54","source Code":"server/election.go:325","message":"No events received, continuing..."}
{"level":"INFO","timeStamp":"2025-10-09 10:38:59","source Code":"server/election.go:325","message":"No events received, continuing..."}
{"level":"INFO","timeStamp":"2025-10-09 10:39:04","source Code":"server/election.go:325","message":"No events received, continuing..."}
{"level":"INFO","timeStamp":"2025-10-09 10:39:09","source Code":"server/election.go:325","message":"No events received, continuing..."}
{"level":"INFO","timeStamp":"2025-10-09 10:39:14","source Code":"server/election.go:325","message":"No events received, continuing..."}
{"level":"INFO","timeStamp":"2025-10-09 10:39:19","source Code":"server/election.go:325","message":"No events received, continuing..."}
{"level":"INFO","timeStamp":"2025-10-09 10:39:24","source Code":"server/election.go:325","message":"No events received, continuing..."}
{"level":"INFO","timeStamp":"2025-10-09 10:39:29","source Code":"server/election.go:325","message":"No events received, continuing..."}
{"level":"INFO","timeStamp":"2025-10-09 10:39:34","source Code":"server/election.go:325","message":"No events received, continuing..."}
{"level":"INFO","timeStamp":"2025-10-09 10:39:39","source Code":"server/election.go:325","message":"No events received, continuing..."}
{"level":"INFO","timeStamp":"2025-10-09 10:39:44","source Code":"server/election.go:325","message":"No events received, continuing..."}
{"level":"INFO","timeStamp":"2025-10-09 10:39:49","source Code":"server/election.go:325","message":"No events received, continuing..."}
{"level":"INFO","timeStamp":"2025-10-09 10:39:54","source Code":"server/election.go:325","message":"No events received, continuing..."}
{"level":"INFO","timeStamp":"2025-10-09 10:39:59","source Code":"server/election.go:325","message":"No events received, continuing..."}
{"level":"INFO","timeStamp":"2025-10-09 10:40:04","source Code":"server/election.go:325","message":"No events received, continuing..."}
{"level":"INFO","timeStamp":"2025-10-09 10:40:09","source Code":"server/election.go:325","message":"No events received, continuing..."}
{"level":"INFO","timeStamp":"2025-10-09 10:40:14","source Code":"server/election.go:325","message":"No events received, continuing..."}
{"level":"INFO","timeStamp":"2025-10-09 10:40:19","source Code":"server/election.go:325","message":"No events received, continuing..."}
{"level":"INFO","timeStamp":"2025-10-09 10:40:24","source Code":"server/election.go:325","message":"No events received, continuing..."}
{"level":"INFO","timeStamp":"2025-10-09 10:40:29","source Code":"server/election.go:325","message":"No events received, continuing..."}
{"level":"INFO","timeStamp":"2025-10-09 10:40:34","source Code":"server/election.go:325","message":"No events received, continuing..."}
{"level":"INFO","timeStamp":"2025-10-09 10:40:39","source Code":"server/election.go:325","message":"No events received, continuing..."}
{"level":"INFO","timeStamp":"2025-10-09 10:40:44","source Code":"server/election.go:325","message":"No events received, continuing..."}
{"level":"INFO","timeStamp":"2025-10-09 10:40:49","source Code":"server/election.go:325","message":"No events received, continuing..."}
{"level":"INFO","timeStamp":"2025-10-09 10:40:54","source Code":"server/election.go:325","message":"No events received, continuing..."}
{"level":"INFO","timeStamp":"2025-10-09 10:40:59","source Code":"server/election.go:325","message":"No events received, continuing..."}
{"level":"INFO","timeStamp":"2025-10-09 10:41:04","source Code":"server/election.go:325","message":"No events received, continuing..."}
{"level":"INFO","timeStamp":"2025-10-09 10:41:09","source Code":"server/election.go:325","message":"No events received, continuing..."}
{"level":"INFO","timeStamp":"2025-10-09 10:41:14","source Code":"server/election.go:325","message":"No events received, continuing..."}
{"level":"INFO","timeStamp":"2025-10-09 10:41:19","source Code":"server/election.go:325","message":"No events received, continuing..."}
{"level":"INFO","timeStamp":"2025-10-09 10:41:24","source Code":"server/election.go:325","message":"No events received, continuing..."}
{"level":"INFO","timeStamp":"2025-10-09 10:41:29","source Code":"server/election.go:325","message":"No events received, continuing..."}
{"level":"INFO","timeStamp":"2025-10-09 10:41:34","source Code":"server/election.go:325","message":"No events received, continuing..."}
{"level":"INFO","timeStamp":"2025-10-09 10:41:39","source Code":"server/election.go:325","message":"No events received, continuing..."}
{"level":"INFO","timeStamp":"2025-10-09 10:41:44","source Code":"server/election.go:325","message":"No events received, continuing..."}
{"level":"INFO","timeStamp":"2025-10-09 10:41:49","source Code":"server/election.go:325","message":"No events received, continuing..."}
{"level":"INFO","timeStamp":"2025-10-09 10:41:54","source Code":"server/election.go:325","message":"No events received, continuing..."}
{"level":"INFO","timeStamp":"2025-10-09 10:41:59","source Code":"server/election.go:325","message":"No events received, continuing..."}
{"level":"INFO","timeStamp":"2025-10-09 10:42:04","source Code":"server/election.go:325","message":"No events received, continuing..."}
{"level":"INFO","timeStamp":"2025-10-09 10:42:09","source Code":"server/election.go:325","message":"No events received, continuing..."}
{"level":"INFO","timeStamp":"2025-10-09 10:42:14","source Code":"server/election.go:325","message":"No events received, continuing..."}
{"level":"INFO","timeStamp":"2025-10-09 10:42:19","source Code":"server/election.go:325","message":"No events received, continuing..."}
{"level":"INFO","timeStamp":"2025-10-09 10:42:24","source Code":"server/election.go:325","message":"No events received, continuing..."}
{"level":"INFO","timeStamp":"2025-10-09 10:42:29","source Code":"server/election.go:325","message":"No events received, continuing..."}
{"level":"INFO","timeStamp":"2025-10-09 10:42:34","source Code":"server/election.go:325","message":"No events received, continuing..."}
{"level":"INFO","timeStamp":"2025-10-09 10:42:39","source Code":"server/election.go:325","message":"No events received, continuing..."}
{"level":"INFO","timeStamp":"2025-10-09 10:42:44","source Code":"server/election.go:325","message":"No events received, continuing..."}
{"level":"INFO","timeStamp":"2025-10-09 10:42:49","source Code":"server/election.go:325","message":"No events received, continuing..."}
{"level":"INFO","timeStamp":"2025-10-09 10:42:54","source Code":"server/election.go:325","message":"No events received, continuing..."}
{"level":"INFO","timeStamp":"2025-10-09 10:42:59","source Code":"server/election.go:325","message":"No events received, continuing..."}
{"level":"INFO","timeStamp":"2025-10-09 10:43:04","source Code":"server/election.go:325","message":"No events received, continuing..."}
{"level":"INFO","timeStamp":"2025-10-09 10:43:09","source Code":"server/election.go:325","message":"No events received, continuing..."}
{"level":"INFO","timeStamp":"2025-10-09 10:43:14","source Code":"server/election.go:325","message":"No events received, continuing..."}
{"level":"INFO","timeStamp":"2025-10-09 10:43:19","source Code":"server/election.go:325","message":"No events received, continuing..."}
{"level":"INFO","timeStamp":"2025-10-09 10:43:30","source Code":"server/election.go:281","message":"Predecessor watch stopped - restarting watch"}
{"level":"INFO","timeStamp":"2025-10-09 10:43:40","source Code":"server/election.go:318","message":"Leader watch stopped - restarting watch"}
{"level":"INFO","timeStamp":"2025-10-09 10:47:27","source Code":"server/election.go:103","message":"You were elected leader"}
{"level":"INFO","timeStamp":"2025-10-09 10:47:27","source Code":"server/server.go:244","message":"Server init config:","address":"0.0.0.0:6380"}
{"level":"INFO","timeStamp":"2025-10-09 10:47:27","source Code":"server/server.go:256","message":"Starting server on","address":"0.0.0.0:6380"}
{"level":"INFO","timeStamp":"2025-10-09 10:47:27","source Code":"server/server.go:429","message":"Starting metrics server on","endpoint":":9090"}
{"level":"WARN","timeStamp":"2025-10-09 10:47:27","source Code":"server/server.go:431","message":"Error starting metrics server","error":"listen tcp :9090: bind: address already in use"}
{"level":"INFO","timeStamp":"2025-10-09 10:47:27","source Code":"server/server.go:429","message":"Starting metrics server on","endpoint":":9090"}
{"level":"WARN","timeStamp":"2025-10-09 10:47:27","source Code":"server/server.go:431","message":"Error starting metrics server","error":"listen tcp :9090: bind: address already in use"}
{"level":"INFO","timeStamp":"2025-10-09 10:47:47","source Code":"server/server.go:376","message":"Starting health check listener on","address":":"}
{"level":"INFO","timeStamp":"2025-10-09 11:20:26","source Code":"server/election.go:111","message":"You were elected leader"}
{"level":"INFO","timeStamp":"2025-10-09 11:20:26","source Code":"server/server.go:244","message":"Server init config:","address":"0.0.0.0:6380"}
{"level":"INFO","timeStamp":"2025-10-09 11:20:26","source Code":"server/server.go:256","message":"Starting server on","address":"0.0.0.0:6380"}
{"level":"INFO","timeStamp":"2025-10-09 11:20:26","source Code":"server/server.go:429","message":"Starting metrics server on","endpoint":":9090"}
{"level":"INFO","timeStamp":"2025-10-09 11:20:46","source Code":"server/server.go:376","message":"Starting health check listener on","address":":"}
{"level":"INFO","timeStamp":"2025-10-09 11:20:53","source Code":"server/server.go:244","message":"Server init config:","address":"0.0.0.0:9123"}
{"level":"INFO","timeStamp":"2025-10-09 11:20:53","source Code":"server/server.go:256","message":"Starting server on","address":"0.0.0.0:9123"}
{"level":"INFO","timeStamp":"2025-10-09 11:20:53","source Code":"server/server.go:429","message":"Starting metrics server on","endpoint":":9090"}
{"level":"WARN","timeStamp":"2025-10-09 11:20:53","source Code":"server/server.go:431","message":"Error starting metrics server","error":"listen tcp :9090: bind: address already in use"}
{"level":"INFO","timeStamp":"2025-10-09 11:20:53","source Code":"server/server.go:429","message":"Starting metrics server on","endpoint":":9090"}
{"level":"WARN","timeStamp":"2025-10-09 11:20:53","source Code":"server/server.go:431","message":"Error starting metrics server","error":"listen tcp :9090: bind: address already in use"}
{"level":"INFO","timeStamp":"2025-10-09 11:20:58","source Code":"server/election.go:337","message":"No events received, continuing..."}
{"level":"INFO","timeStamp":"2025-10-09 11:21:03","source Code":"server/election.go:337","message":"No events received, continuing..."}
{"level":"INFO","timeStamp":"2025-10-09 11:21:08","source Code":"server/election.go:337","message":"No events received, continuing..."}
{"level":"INFO","timeStamp":"2025-10-09 11:21:13","source Code":"server/server.go:376","message":"Starting health check listener on","address":":"}
{"level":"INFO","timeStamp":"2025-10-09 11:21:13","source Code":"server/election.go:337","message":"No events received, continuing..."}
{"level":"INFO","timeStamp":"2025-10-09 11:21:18","source Code":"server/election.go:337","message":"No events received, continuing..."}
{"level":"INFO","timeStamp":"2025-10-09 11:21:23","source Code":"server/election.go:337","message":"No events received, continuing..."}
{"level":"INFO","timeStamp":"2025-10-09 11:21:28","source Code":"server/election.go:337","message":"No events received, continuing..."}
{"level":"INFO","timeStamp":"2025-10-09 11:21:33","source Code":"server/election.go:337","message":"No events received, continuing..."}
{"level":"INFO","timeStamp":"2025-10-09 11:21:38","source Code":"server/election.go:337","message":"No events received, continuing..."}
{"level":"INFO","timeStamp":"2025-10-09 11:21:43","source Code":"server/election.go:337","message":"No events received, continuing..."}
{"level":"INFO","timeStamp":"2025-10-09 11:21:48","source Code":"server/election.go:337","message":"No events received, continuing..."}
{"level":"INFO","timeStamp":"2025-10-09 11:21:53","source Code":"server/election.go:337","message":"No events received, continuing..."}
{"level":"INFO","timeStamp":"2025-10-09 11:21:58","source Code":"server/election.go:337","message":"No events received, continuing..."}
{"level":"INFO","timeStamp":"2025-10-09 11:22:03","source Code":"server/election.go:337","message":"No events received, continuing..."}
{"level":"INFO","timeStamp":"2025-10-09 11:22:08","source Code":"server/election.go:337","message":"No events received, continuing..."}
{"level":"INFO","timeStamp":"2025-10-09 11:22:13","source Code":"server/election.go:337","message":"No events received, continuing..."}
{"level":"INFO","timeStamp":"2025-10-09 11:22:18","source Code":"server/election.go:337","message":"No events received, continuing..."}
{"level":"INFO","timeStamp":"2025-10-09 11:22:23","source Code":"server/election.go:337","message":"No events received, continuing..."}
{"level":"INFO","timeStamp":"2025-10-09 11:22:28","source Code":"server/election.go:337","message":"No events received, continuing..."}
{"level":"INFO","timeStamp":"2025-10-09 11:22:33","source Code":"server/election.go:337","message":"No events received, continuing..."}
{"level":"INFO","timeStamp":"2025-10-09 11:22:38","source Code":"server/election.go:337","message":"No events received, continuing..."}
{"level":"INFO","timeStamp":"2025-10-09 11:22:43","source Code":"server/election.go:337","message":"No events received, continuing..."}
{"level":"INFO","timeStamp":"2025-10-09 11:22:48","source Code":"server/election.go:337","message":"No events received, continuing..."}
{"level":"INFO","timeStamp":"2025-10-09 11:22:53","source Code":"server/election.go:337","message":"No events received, continuing..."}
{"level":"INFO","timeStamp":"2025-10-09 11:22:58","source Code":"server/election.go:337","message":"No events received, continuing..."}
{"level":"INFO","timeStamp":"2025-10-09 11:23:03","source Code":"server/election.go:337","message":"No events received, continuing..."}
{"level":"INFO","timeStamp":"2025-10-09 11:23:08","source Code":"server/election.go:337","message":"No events received, continuing..."}
{"level":"INFO","timeStamp":"2025-10-09 11:23:13","source Code":"server/election.go:337","message":"No events received, continuing..."}
{"level":"INFO","timeStamp":"2025-10-09 11:23:18","source Code":"server/election.go:337","message":"No events received, continuing..."}
{"level":"INFO","timeStamp":"2025-10-09 11:23:23","source Code":"server/election.go:337","message":"No events received, continuing..."}
{"level":"INFO","timeStamp":"2025-10-09 11:23:28","source Code":"server/election.go:337","message":"No events received, continuing..."}
{"level":"INFO","timeStamp":"2025-10-09 11:23:33","source Code":"server/election.go:337","message":"No events received, continuing..."}
{"level":"INFO","timeStamp":"2025-10-09 11:23:38","source Code":"server/election.go:337","message":"No events received, continuing..."}
{"level":"INFO","timeStamp":"2025-10-09 11:23:43","source Code":"server/election.go:337","message":"No events received, continuing..."}
{"level":"INFO","timeStamp":"2025-10-09 11:23:48","source Code":"server/election.go:337","message":"No events received, continuing..."}
{"level":"INFO","timeStamp":"2025-10-09 11:23:53","source Code":"server/election.go:337","message":"No events received, continuing..."}
{"level":"INFO","timeStamp":"2025-10-09 11:23:58","source Code":"server/election.go:337","message":"No events received, continuing..."}
{"level":"INFO","timeStamp":"2025-10-09 11:24:03","source Code":"server/election.go:337","message":"No events received, continuing..."}
{"level":"INFO","timeStamp":"2025-10-09 11:24:08","source Code":"server/election.go:337","message":"No events received, continuing..."}
{"level":"INFO","timeStamp":"2025-10-09 11:24:13","source Code":"server/election.go:337","message":"No events received, continuing..."}
{"level":"INFO","timeStamp":"2025-10-09 11:24:18","source Code":"server/election.go:337","message":"No events received, continuing..."}
{"level":"INFO","timeStamp":"2025-10-09 11:24:23","source Code":"server/election.go:337","message":"No events received, continuing..."}
{"level":"INFO","timeStamp":"2025-10-09 11:24:28","source Code":"server/election.go:337","message":"No events received, continuing..."}
{"level":"INFO","timeStamp":"2025-10-09 11:24:33","source Code":"server/election.go:337","message":"No events received, continuing..."}
{"level":"INFO","timeStamp":"2025-10-09 11:24:38","source Code":"server/election.go:337","message":"No events received, continuing..."}
{"level":"INFO","timeStamp":"2025-10-09 11:24:43","source Code":"server/election.go:337","message":"No events received, continuing..."}
{"level":"INFO","timeStamp":"2025-10-09 11:24:48","source Code":"server/election.go:337","message":"No events received, continuing..."}
{"level":"INFO","timeStamp":"2025-10-09 11:24:53","source Code":"server/election.go:337","message":"No events received, continuing..."}
{"level":"INFO","timeStamp":"2025-10-09 11:24:58","source Code":"server/election.go:337","message":"No events received, continuing..."}
{"level":"INFO","timeStamp":"2025-10-09 11:25:03","source Code":"server/election.go:337","message":"No events received, continuing..."}
{"level":"INFO","timeStamp":"2025-10-09 11:25:08","source Code":"server/election.go:337","message":"No events received, continuing..."}
{"level":"INFO","timeStamp":"2025-10-09 11:25:13","source Code":"server/election.go:337","message":"No events received, continuing..."}
{"level":"INFO","timeStamp":"2025-10-09 11:25:18","source Code":"server/election.go:337","message":"No events received, continuing..."}
{"level":"INFO","timeStamp":"2025-10-09 11:25:23","source Code":"server/election.go:337","message":"No events received, continuing..."}
{"level":"INFO","timeStamp":"2025-10-09 11:25:28","source Code":"server/election.go:337","message":"No events received, continuing..."}
{"level":"INFO","timeStamp":"2025-10-09 11:25:33","source Code":"server/election.go:337","message":"No events received, continuing..."}
{"level":"INFO","timeStamp":"2025-10-09 11:25:38","source Code":"server/election.go:337","message":"No events received, continuing..."}
{"level":"INFO","timeStamp":"2025-10-09 11:25:43","source Code":"server/election.go:337","message":"No events received, continuing..."}
{"level":"INFO","timeStamp":"2025-10-09 11:25:48","source Code":"server/election.go:337","message":"No events received, continuing..."}
{"level":"INFO","timeStamp":"2025-10-09 11:25:53","source Code":"server/election.go:337","message":"No events received, continuing..."}
{"level":"INFO","timeStamp":"2025-10-09 11:25:58","source Code":"server/election.go:337","message":"No events received, continuing..."}
{"level":"INFO","timeStamp":"2025-10-09 11:26:03","source Code":"server/election.go:337","message":"No events received, continuing..."}
{"level":"INFO","timeStamp":"2025-10-09 11:26:08","source Code":"server/election.go:337","message":"No events received, continuing..."}
{"level":"INFO","timeStamp":"2025-10-09 11:26:13","source Code":"server/election.go:337","message":"No events received, continuing..."}
{"level":"INFO","timeStamp":"2025-10-09 11:26:18","source Code":"server/election.go:337","message":"No events received, continuing..."}
{"level":"INFO","timeStamp":"2025-10-09 11:26:23","source Code":"server/election.go:337","message":"No events received, continuing..."}
{"level":"INFO","timeStamp":"2025-10-09 11:26:28","source Code":"server/election.go:337","message":"No events received, continuing..."}
{"level":"INFO","timeStamp":"2025-10-09 11:26:33","source Code":"server/election.go:337","message":"No events received, continuing..."}
{"level":"INFO","timeStamp":"2025-10-09 11:26:38","source Code":"server/election.go:337","message":"No events received, continuing..."}
{"level":"INFO","timeStamp":"2025-10-09 11:26:43","source Code":"server/election.go:337","message":"No events received, continuing..."}
{"level":"INFO","timeStamp":"2025-10-09 11:26:48","source Code":"server/election.go:337","message":"No events received, continuing..."}
{"level":"INFO","timeStamp":"2025-10-09 11:26:53","source Code":"server/election.go:337","message":"No events received, continuing..."}
{"level":"INFO","timeStamp":"2025-10-09 11:26:58","source Code":"server/election.go:337","message":"No events received, continuing..."}
{"level":"INFO","timeStamp":"2025-10-09 11:27:03","source Code":"server/election.go:337","message":"No events received, continuing..."}
{"level":"INFO","timeStamp":"2025-10-09 11:27:08","source Code":"server/election.go:337","message":"No events received, continuing..."}
{"level":"INFO","timeStamp":"2025-10-09 11:27:13","source Code":"server/election.go:337","message":"No events received, continuing..."}
{"level":"INFO","timeStamp":"2025-10-09 11:27:18","source Code":"server/election.go:337","message":"No events received, continuing..."}
{"level":"INFO","timeStamp":"2025-10-09 11:27:23","source Code":"server/election.go:337","message":"No events received, continuing..."}
{"level":"INFO","timeStamp":"2025-10-09 11:27:28","source Code":"server/election.go:337","message":"No events received, continuing..."}
{"level":"INFO","timeStamp":"2025-10-09 11:27:33","source Code":"server/election.go:337","message":"No events received, continuing..."}
{"level":"INFO","timeStamp":"2025-10-09 11:27:38","source Code":"server/election.go:337","message":"No events received, continuing..."}
{"level":"INFO","timeStamp":"2025-10-09 11:27:43","source Code":"server/election.go:337","message":"No events received, continuing..."}
{"level":"INFO","timeStamp":"2025-10-09 11:27:48","source Code":"server/election.go:337","message":"No events received, continuing..."}
{"level":"INFO","timeStamp":"2025-10-09 11:27:53","source Code":"server/election.go:337","message":"No events received, continuing..."}
{"level":"INFO","timeStamp":"2025-10-09 11:27:58","source Code":"server/election.go:337","message":"No events received, continuing..."}
{"level":"INFO","timeStamp":"2025-10-09 11:28:03","source Code":"server/election.go:337","message":"No events received, continuing..."}
{"level":"INFO","timeStamp":"2025-10-09 11:28:08","source Code":"server/election.go:337","message":"No events received, continuing..."}
{"level":"INFO","timeStamp":"2025-10-09 11:28:13","source Code":"server/election.go:337","message":"No events received, continuing..."}
{"level":"INFO","timeStamp":"2025-10-09 11:28:18","source Code":"server/election.go:337","message":"No events received, continuing..."}
{"level":"INFO","timeStamp":"2025-10-09 11:28:23","source Code":"server/election.go:337","message":"No events received, continuing..."}
{"level":"INFO","timeStamp":"2025-10-09 11:28:28","source Code":"server/election.go:337","message":"No events received, continuing..."}
{"level":"INFO","timeStamp":"2025-10-09 11:28:33","source Code":"server/election.go:337","message":"No events received, continuing..."}
{"level":"INFO","timeStamp":"2025-10-09 11:28:38","source Code":"server/election.go:337","message":"No events received, continuing..."}
{"level":"INFO","timeStamp":"2025-10-09 11:28:43","source Code":"server/election.go:337","message":"No events received, continuing..."}
{"level":"INFO","timeStamp":"2025-10-09 11:28:48","source Code":"server/election.go:337","message":"No events received, continuing..."}
{"level":"INFO","timeStamp":"2025-10-09 11:28:53","source Code":"server/election.go:337","message":"No events received, continuing..."}
{"level":"INFO","timeStamp":"2025-10-09 11:28:58","source Code":"server/election.go:337","message":"No events received, continuing..."}
{"level":"INFO","timeStamp":"2025-10-09 11:29:03","source Code":"server/election.go:337","message":"No events received, continuing..."}
{"level":"INFO","timeStamp":"2025-10-09 11:29:08","source Code":"server/election.go:337","message":"No events received, continuing..."}
{"level":"INFO","timeStamp":"2025-10-09 11:29:13","source Code":"server/election.go:337","message":"No events received, continuing..."}
{"level":"INFO","timeStamp":"2025-10-09 11:29:18","source Code":"server/election.go:337","message":"No events received, continuing..."}
{"level":"INFO","timeStamp":"2025-10-09 11:29:23","source Code":"server/election.go:337","message":"No events received, continuing..."}
{"level":"INFO","timeStamp":"2025-10-09 11:29:28","source Code":"server/election.go:337","message":"No events received, continuing..."}
{"level":"INFO","timeStamp":"2025-10-09 11:29:33","source Code":"server/election.go:337","message":"No events received, continuing..."}
{"level":"INFO","timeStamp":"2025-10-09 11:29:38","source Code":"server/election.go:337","message":"No events received, continuing..."}
{"level":"INFO","timeStamp":"2025-10-09 11:29:43","source Code":"server/election.go:337","message":"No events received, continuing..."}
{"level":"INFO","timeStamp":"2025-10-09 11:29:48","source Code":"server/election.go:337","message":"No events received, continuing..."}
{"level":"INFO","timeStamp":"2025-10-09 11:29:53","source Code":"server/election.go:337","message":"No events received, continuing..."}
{"level":"INFO","timeStamp":"2025-10-09 11:29:58","source Code":"server/election.go:337","message":"No events received, continuing..."}
{"level":"INFO","timeStamp":"2025-10-09 11:30:03","source Code":"server/election.go:337","message":"No events received, continuing..."}
{"level":"INFO","timeStamp":"2025-10-09 11:30:08","source Code":"server/election.go:337","message":"No events received, continuing..."}
{"level":"INFO","timeStamp":"2025-10-09 11:30:13","source Code":"server/election.go:337","message":"No events received, continuing..."}
{"level":"INFO","timeStamp":"2025-10-09 11:30:18","source Code":"server/election.go:337","message":"No events received, continuing..."}
{"level":"INFO","timeStamp":"2025-10-09 11:30:23","source Code":"server/election.go:337","message":"No events received, continuing..."}
{"level":"INFO","timeStamp":"2025-10-09 11:30:28","source Code":"server/election.go:337","message":"No events received, continuing..."}
{"level":"INFO","timeStamp":"2025-10-09 11:30:33","source Code":"server/election.go:337","message":"No events received, continuing..."}
{"level":"INFO","timeStamp":"2025-10-09 11:30:38","source Code":"server/election.go:337","message":"No events received, continuing..."}
{"level":"INFO","timeStamp":"2025-10-09 11:30:43","source Code":"server/election.go:337","message":"No events received, continuing..."}
{"level":"INFO","timeStamp":"2025-10-09 11:30:48","source Code":"server/election.go:337","message":"No events received, continuing..."}
{"level":"INFO","timeStamp":"2025-10-09 11:30:53","source Code":"server/election.go:337","message":"No events received, continuing..."}
{"level":"INFO","timeStamp":"2025-10-09 11:30:58","source Code":"server/election.go:337","message":"No events received, continuing..."}
{"level":"INFO","timeStamp":"2025-10-09 11:31:03","source Code":"server/election.go:337","message":"No events received, continuing..."}
{"level":"INFO","timeStamp":"2025-10-09 11:46:31","source Code":"server/election.go:111","message":"You were elected leader"}
{"level":"INFO","timeStamp":"2025-10-09 11:46:31","source Code":"server/server.go:249","message":"Server init config:","address":"0.0.0.0:9123"}
{"level":"INFO","timeStamp":"2025-10-09 11:46:31","source Code":"server/server.go:261","message":"Starting server on","address":"0.0.0.0:9123"}
{"level":"INFO","timeStamp":"2025-10-09 11:46:31","source Code":"server/server.go:434","message":"Starting metrics server on","endpoint":":9090"}
{"level":"INFO","timeStamp":"2025-10-09 11:46:42","source Code":"server/election.go:111","message":"You were elected leader"}
{"level":"INFO","timeStamp":"2025-10-09 11:46:42","source Code":"server/server.go:249","message":"Server init config:","address":"0.0.0.0:9123"}
{"level":"INFO","timeStamp":"2025-10-09 11:46:42","source Code":"server/server.go:261","message":"Starting server on","address":"0.0.0.0:9123"}
{"level":"INFO","timeStamp":"2025-10-09 11:46:42","source Code":"server/server.go:434","message":"Starting metrics server on","endpoint":":9090"}
{"level":"INFO","timeStamp":"2025-10-09 11:57:13","source Code":"server/server.go:249","message":"Server init config:","address":"0.0.0.0:9123"}
{"level":"INFO","timeStamp":"2025-10-09 11:57:13","source Code":"server/server.go:261","message":"Starting server on","address":"0.0.0.0:9123"}
{"level":"INFO","timeStamp":"2025-10-09 11:57:13","source Code":"server/server.go:434","message":"Starting metrics server on","endpoint":":9090"}
{"level":"INFO","timeStamp":"2025-10-09 11:57:18","source Code":"server/election.go:337","message":"No events received, continuing..."}
{"level":"INFO","timeStamp":"2025-10-09 11:57:23","source Code":"server/election.go:337","message":"No events received, continuing..."}
{"level":"INFO","timeStamp":"2025-10-09 11:57:28","source Code":"server/election.go:337","message":"No events received, continuing..."}
{"level":"INFO","timeStamp":"2025-10-09 11:57:33","source Code":"server/server.go:381","message":"Starting health check listener on","address":":"}
{"level":"INFO","timeStamp":"2025-10-09 11:57:33","source Code":"server/election.go:337","message":"No events received, continuing..."}
{"level":"INFO","timeStamp":"2025-10-09 11:57:38","source Code":"server/election.go:337","message":"No events received, continuing..."}
{"level":"INFO","timeStamp":"2025-10-09 11:57:43","source Code":"server/election.go:337","message":"No events received, continuing..."}
{"level":"INFO","timeStamp":"2025-10-09 11:57:48","source Code":"server/election.go:337","message":"No events received, continuing..."}
{"level":"INFO","timeStamp":"2025-10-09 11:57:53","source Code":"server/election.go:337","message":"No events received, continuing..."}
{"level":"INFO","timeStamp":"2025-10-09 11:57:58","source Code":"server/election.go:337","message":"No events received, continuing..."}
{"level":"INFO","timeStamp":"2025-10-09 11:58:03","source Code":"server/election.go:337","message":"No events received, continuing..."}
{"level":"INFO","timeStamp":"2025-10-09 11:58:08","source Code":"server/election.go:337","message":"No events received, continuing..."}
{"level":"INFO","timeStamp":"2025-10-09 11:58:13","source Code":"server/election.go:337","message":"No events received, continuing..."}
{"level":"INFO","timeStamp":"2025-10-09 11:58:18","source Code":"server/election.go:337","message":"No events received, continuing..."}
{"level":"INFO","timeStamp":"2025-10-09 11:58:23","source Code":"server/election.go:337","message":"No events received, continuing..."}
{"level":"INFO","timeStamp":"2025-10-09 11:58:28","source Code":"server/election.go:337","message":"No events received, continuing..."}
{"level":"INFO","timeStamp":"2025-10-09 11:58:33","source Code":"server/election.go:337","message":"No events received, continuing..."}
{"level":"INFO","timeStamp":"2025-10-09 11:58:38","source Code":"server/election.go:337","message":"No events received, continuing..."}
{"level":"INFO","timeStamp":"2025-10-09 11:58:43","source Code":"server/election.go:337","message":"No events received, continuing..."}
{"level":"INFO","timeStamp":"2025-10-09 11:58:48","source Code":"server/election.go:337","message":"No events received, continuing..."}
{"level":"INFO","timeStamp":"2025-10-09 11:58:53","source Code":"server/election.go:337","message":"No events received, continuing..."}
{"level":"INFO","timeStamp":"2025-10-09 11:58:58","source Code":"server/election.go:337","message":"No events received, continuing..."}
{"level":"INFO","timeStamp":"2025-10-09 11:59:03","source Code":"server/election.go:337","message":"No events received, continuing..."}
{"level":"INFO","timeStamp":"2025-10-09 11:59:08","source Code":"server/election.go:337","message":"No events received, continuing..."}
{"level":"INFO","timeStamp":"2025-10-09 11:59:13","source Code":"server/election.go:337","message":"No events received, continuing..."}
{"level":"INFO","timeStamp":"2025-10-09 11:59:18","source Code":"server/election.go:337","message":"No events received, continuing..."}
{"level":"INFO","timeStamp":"2025-10-09 11:59:23","source Code":"server/election.go:337","message":"No events received, continuing..."}
{"level":"INFO","timeStamp":"2025-10-09 11:59:28","source Code":"server/election.go:337","message":"No events received, continuing..."}
{"level":"INFO","timeStamp":"2025-10-09 11:59:33","source Code":"server/election.go:337","message":"No events received, continuing..."}
{"level":"INFO","timeStamp":"2025-10-09 11:59:38","source Code":"server/election.go:337","message":"No events received, continuing..."}
{"level":"INFO","timeStamp":"2025-10-09 11:59:43","source Code":"server/election.go:337","message":"No events received, continuing..."}
{"level":"INFO","timeStamp":"2025-10-09 11:59:48","source Code":"server/election.go:337","message":"No events received, continuing..."}
{"level":"INFO","timeStamp":"2025-10-09 11:59:53","source Code":"server/election.go:337","message":"No events received, continuing..."}
{"level":"INFO","timeStamp":"2025-10-09 11:59:58","source Code":"server/election.go:337","message":"No events received, continuing..."}
{"level":"INFO","timeStamp":"2025-10-09 12:00:03","source Code":"server/election.go:337","message":"No events received, continuing..."}
{"level":"INFO","timeStamp":"2025-10-09 12:00:08","source Code":"server/election.go:337","message":"No events received, continuing..."}
{"level":"INFO","timeStamp":"2025-10-09 12:00:13","source Code":"server/election.go:337","message":"No events received, continuing..."}
{"level":"INFO","timeStamp":"2025-10-09 12:00:18","source Code":"server/election.go:337","message":"No events received, continuing..."}
{"level":"INFO","timeStamp":"2025-10-09 12:00:23","source Code":"server/election.go:337","message":"No events received, continuing..."}
{"level":"INFO","timeStamp":"2025-10-09 12:00:28","source Code":"server/election.go:337","message":"No events received, continuing..."}
{"level":"INFO","timeStamp":"2025-10-09 12:00:33","source Code":"server/election.go:337","message":"No events received, continuing..."}
{"level":"INFO","timeStamp":"2025-10-09 12:00:38","source Code":"server/election.go:337","message":"No events received, continuing..."}
{"level":"INFO","timeStamp":"2025-10-09 12:00:43","source Code":"server/election.go:337","message":"No events received, continuing..."}
{"level":"INFO","timeStamp":"2025-10-09 12:00:48","source Code":"server/election.go:337","message":"No events received, continuing..."}
{"level":"INFO","timeStamp":"2025-10-09 12:00:53","source Code":"server/election.go:337","message":"No events received, continuing..."}
{"level":"INFO","timeStamp":"2025-10-09 12:00:58","source Code":"server/election.go:337","message":"No events received, continuing..."}
{"level":"INFO","timeStamp":"2025-10-09 12:01:03","source Code":"server/election.go:337","message":"No events received, continuing..."}
{"level":"INFO","timeStamp":"2025-10-09 12:01:08","source Code":"server/election.go:337","message":"No events received, continuing..."}
{"level":"INFO","timeStamp":"2025-10-09 12:01:13","source Code":"server/election.go:337","message":"No events received, continuing..."}
{"level":"INFO","timeStamp":"2025-10-09 12:01:18","source Code":"server/election.go:337","message":"No events received, continuing..."}
{"level":"INFO","timeStamp":"2025-10-09 12:01:23","source Code":"server/election.go:337","message":"No events received, continuing..."}
{"level":"INFO","timeStamp":"2025-10-09 12:01:28","source Code":"server/election.go:337","message":"No events received, continuing..."}
{"level":"INFO","timeStamp":"2025-10-09 12:01:33","source Code":"server/election.go:337","message":"No events received, continuing..."}
{"level":"INFO","timeStamp":"2025-10-09 12:01:38","source Code":"server/election.go:337","message":"No events received, continuing..."}
{"level":"INFO","timeStamp":"2025-10-09 12:01:43","source Code":"server/election.go:337","message":"No events received, continuing..."}
{"level":"INFO","timeStamp":"2025-10-09 12:01:48","source Code":"server/election.go:337","message":"No events received, continuing..."}
{"level":"INFO","timeStamp":"2025-10-09 12:01:53","source Code":"server/election.go:337","message":"No events received, continuing..."}
{"level":"INFO","timeStamp":"2025-10-09 12:01:58","source Code":"server/election.go:337","message":"No events received, continuing..."}
{"level":"INFO","timeStamp":"2025-10-09 12:02:03","source Code":"server/election.go:337","message":"No events received, continuing..."}
{"level":"INFO","timeStamp":"2025-10-09 12:02:08","source Code":"server/election.go:337","message":"No events received, continuing..."}
{"level":"INFO","timeStamp":"2025-10-09 12:02:13","source Code":"server/election.go:337","message":"No events received, continuing..."}
{"level":"INFO","timeStamp":"2025-10-09 12:02:18","source Code":"server/election.go:337","message":"No events received, continuing..."}
{"level":"INFO","timeStamp":"2025-10-09 12:02:23","source Code":"server/election.go:337","message":"No events received, continuing..."}
{"level":"INFO","timeStamp":"2025-10-09 12:02:28","source Code":"server/election.go:337","message":"No events received, continuing..."}
{"level":"INFO","timeStamp":"2025-10-09 12:02:33","source Code":"server/election.go:337","message":"No events received, continuing..."}
{"level":"INFO","timeStamp":"2025-10-09 12:02:38","source Code":"server/election.go:337","message":"No events received, continuing..."}
{"level":"INFO","timeStamp":"2025-10-09 12:02:43","source Code":"server/election.go:337","message":"No events received, continuing..."}
{"level":"INFO","timeStamp":"2025-10-09 12:02:48","source Code":"server/election.go:337","message":"No events received, continuing..."}
{"level":"INFO","timeStamp":"2025-10-09 12:02:53","source Code":"server/election.go:337","message":"No events received, continuing..."}
{"level":"INFO","timeStamp":"2025-10-09 12:02:58","source Code":"server/election.go:337","message":"No events received, continuing..."}
{"level":"INFO","timeStamp":"2025-10-09 12:03:03","source Code":"server/election.go:337","message":"No events received, continuing..."}
{"level":"INFO","timeStamp":"2025-10-09 12:03:08","source Code":"server/election.go:337","message":"No events received, continuing..."}
{"level":"INFO","timeStamp":"2025-10-09 12:03:13","source Code":"server/election.go:337","message":"No events received, continuing..."}
{"level":"INFO","timeStamp":"2025-10-09 12:03:18","source Code":"server/election.go:337","message":"No events received, continuing..."}
{"level":"INFO","timeStamp":"2025-10-09 12:03:23","source Code":"server/election.go:337","message":"No events received, continuing..."}
{"level":"INFO","timeStamp":"2025-10-09 12:03:28","source Code":"server/election.go:337","message":"No events received, continuing..."}
{"level":"INFO","timeStamp":"2025-10-09 12:03:33","source Code":"server/election.go:337","message":"No events received, continuing..."}
{"level":"INFO","timeStamp":"2025-10-09 12:03:38","source Code":"server/election.go:337","message":"No events received, continuing..."}
{"level":"INFO","timeStamp":"2025-10-09 12:03:43","source Code":"server/election.go:337","message":"No events received, continuing..."}
{"level":"INFO","timeStamp":"2025-10-09 12:03:48","source Code":"server/election.go:337","message":"No events received, continuing..."}
{"level":"INFO","timeStamp":"2025-10-09 12:03:53","source Code":"server/election.go:337","message":"No events received, continuing..."}
{"level":"INFO","timeStamp":"2025-10-09 12:03:58","source Code":"server/election.go:337","message":"No events received, continuing..."}
{"level":"INFO","timeStamp":"2025-10-09 12:04:03","source Code":"server/election.go:337","message":"No events received, continuing..."}
{"level":"INFO","timeStamp":"2025-10-09 12:04:08","source Code":"server/election.go:337","message":"No events received, continuing..."}
{"level":"INFO","timeStamp":"2025-10-09 12:04:13","source Code":"server/election.go:337","message":"No events received, continuing..."}
{"level":"INFO","timeStamp":"2025-10-09 12:04:18","source Code":"server/election.go:337","message":"No events received, continuing..."}
{"level":"INFO","timeStamp":"2025-10-09 12:04:23","source Code":"server/election.go:337","message":"No events received, continuing..."}
{"level":"INFO","timeStamp":"2025-10-09 12:04:28","source Code":"server/election.go:337","message":"No events received, continuing..."}
{"level":"INFO","timeStamp":"2025-10-09 12:04:33","source Code":"server/election.go:337","message":"No events received, continuing..."}
{"level":"INFO","timeStamp":"2025-10-09 12:04:38","source Code":"server/election.go:337","message":"No events received, continuing..."}
{"level":"INFO","timeStamp":"2025-10-09 12:04:43","source Code":"server/election.go:337","message":"No events received, continuing..."}
{"level":"INFO","timeStamp":"2025-10-09 12:04:48","source Code":"server/election.go:337","message":"No events received, continuing..."}
{"level":"INFO","timeStamp":"2025-10-09 12:04:53","source Code":"server/election.go:337","message":"No events received, continuing..."}
{"level":"INFO","timeStamp":"2025-10-09 12:04:58","source Code":"server/election.go:337","message":"No events received, continuing..."}
{"level":"INFO","timeStamp":"2025-10-09 12:05:03","source Code":"server/election.go:337","message":"No events received, continuing..."}
{"level":"INFO","timeStamp":"2025-10-09 12:05:08","source Code":"server/election.go:337","message":"No events received, continuing..."}
{"level":"INFO","timeStamp":"2025-10-09 12:05:13","source Code":"server/election.go:337","message":"No events received, continuing..."}
{"level":"INFO","timeStamp":"2025-10-09 12:05:18","source Code":"server/election.go:337","message":"No events received, continuing..."}
{"level":"INFO","timeStamp":"2025-10-09 12:05:23","source Code":"server/election.go:337","message":"No events received, continuing..."}
{"level":"INFO","timeStamp":"2025-10-09 12:05:28","source Code":"server/election.go:337","message":"No events received, continuing..."}
{"level":"INFO","timeStamp":"2025-10-09 12:05:33","source Code":"server/election.go:337","message":"No events received, continuing..."}
{"level":"INFO","timeStamp":"2025-10-09 12:05:38","source Code":"server/election.go:337","message":"No events received, continuing..."}
{"level":"INFO","timeStamp":"2025-10-09 12:05:43","source Code":"server/election.go:337","message":"No events received, continuing..."}
{"level":"INFO","timeStamp":"2025-10-09 12:05:48","source Code":"server/election.go:337","message":"No events received, continuing..."}
{"level":"INFO","timeStamp":"2025-10-09 12:05:53","source Code":"server/election.go:337","message":"No events received, continuing..."}
{"level":"INFO","timeStamp":"2025-10-09 12:05:58","source Code":"server/election.go:337","message":"No events received, continuing..."}
{"level":"INFO","timeStamp":"2025-10-09 12:06:03","source Code":"server/election.go:337","message":"No events received, continuing..."}
{"level":"INFO","timeStamp":"2025-10-09 12:06:08","source Code":"server/election.go:337","message":"No events received, continuing..."}
{"level":"INFO","timeStamp":"2025-10-09 12:06:13","source Code":"server/election.go:337","message":"No events received, continuing..."}
{"level":"INFO","timeStamp":"2025-10-09 12:06:18","source Code":"server/election.go:337","message":"No events received, continuing..."}
{"level":"INFO","timeStamp":"2025-10-09 12:06:23","source Code":"server/election.go:337","message":"No events received, continuing..."}
{"level":"INFO","timeStamp":"2025-10-09 12:06:28","source Code":"server/election.go:337","message":"No events received, continuing..."}
{"level":"INFO","timeStamp":"2025-10-09 12:06:33","source Code":"server/election.go:337","message":"No events received, continuing..."}
{"level":"INFO","timeStamp":"2025-10-09 12:06:38","source Code":"server/election.go:337","message":"No events received, continuing..."}
{"level":"INFO","timeStamp":"2025-10-09 12:06:43","source Code":"server/election.go:337","message":"No events received, continuing..."}
{"level":"INFO","timeStamp":"2025-10-09 12:06:48","source Code":"server/election.go:337","message":"No events received, continuing..."}
{"level":"INFO","timeStamp":"2025-10-09 12:06:53","source Code":"server/election.go:337","message":"No events received, continuing..."}
{"level":"INFO","timeStamp":"2025-10-09 12:06:58","source Code":"server/election.go:337","message":"No events received, continuing..."}
{"level":"INFO","timeStamp":"2025-10-09 12:07:03","source Code":"server/election.go:337","message":"No events received, continuing..."}
{"level":"INFO","timeStamp":"2025-10-09 12:07:08","source Code":"server/election.go:337","message":"No events received, continuing..."}
{"level":"INFO","timeStamp":"2025-10-09 12:07:13","source Code":"server/election.go:337","message":"No events received, continuing..."}
{"level":"INFO","timeStamp":"2025-10-09 12:07:18","source Code":"server/election.go:337","message":"No events received, continuing..."}
{"level":"INFO","timeStamp":"2025-10-09 12:07:23","source Code":"server/election.go:337","message":"No events received, continuing..."}
{"level":"INFO","timeStamp":"2025-10-09 12:07:28","source Code":"server/election.go:337","message":"No events received, continuing..."}
{"level":"INFO","timeStamp":"2025-10-09 12:07:33","source Code":"server/election.go:337","message":"No events received, continuing..."}
{"level":"INFO","timeStamp":"2025-10-09 12:07:38","source Code":"server/election.go:337","message":"No events received, continuing..."}
{"level":"INFO","timeStamp":"2025-10-09 12:07:43","source Code":"server/election.go:337","message":"No events received, continuing..."}
{"level":"INFO","timeStamp":"2025-10-09 12:07:48","source Code":"server/election.go:337","message":"No events received, continuing..."}
{"level":"INFO","timeStamp":"2025-10-09 12:07:53","source Code":"server/election.go:337","message":"No events received, continuing..."}
{"level":"INFO","timeStamp":"2025-10-09 12:07:58","source Code":"server/election.go:337","message":"No events received, continuing..."}
{"level":"INFO","timeStamp":"2025-10-09 12:08:03","source Code":"server/election.go:337","message":"No events received, continuing..."}
{"level":"INFO","timeStamp":"2025-10-09 12:08:08","source Code":"server/election.go:337","message":"No events received, continuing..."}
{"level":"INFO","timeStamp":"2025-10-09 12:08:13","source Code":"server/election.go:337","message":"No events received, continuing..."}
{"level":"INFO","timeStamp":"2025-10-09 12:08:18","source Code":"server/election.go:337","message":"No events received, continuing..."}
{"level":"INFO","timeStamp":"2025-10-09 12:08:23","source Code":"server/election.go:337","message":"No events received, continuing..."}
{"level":"INFO","timeStamp":"2025-10-09 12:08:28","source Code":"server/election.go:337","message":"No events received, continuing..."}
{"level":"INFO","timeStamp":"2025-10-09 12:08:33","source Code":"server/election.go:337","message":"No events received, continuing..."}
{"level":"INFO","timeStamp":"2025-10-09 12:08:38","source Code":"server/election.go:337","message":"No events received, continuing..."}
{"level":"INFO","timeStamp":"2025-10-09 12:08:43","source Code":"server/election.go:337","message":"No events received, continuing..."}
{"level":"INFO","timeStamp":"2025-10-09 12:08:48","source Code":"server/election.go:337","message":"No events received, continuing..."}
{"level":"INFO","timeStamp":"2025-10-09 12:08:53","source Code":"server/election.go:337","message":"No events received, continuing..."}
{"level":"INFO","timeStamp":"2025-10-09 12:08:58","source Code":"server/election.go:337","message":"No events received, continuing..."}
{"level":"INFO","timeStamp":"2025-10-09 12:09:03","source Code":"server/election.go:337","message":"No events received, continuing..."}
{"level":"INFO","timeStamp":"2025-10-09 12:09:08","source Code":"server/election.go:337","message":"No events received, continuing..."}
{"level":"INFO","timeStamp":"2025-10-09 12:09:13","source Code":"server/election.go:337","message":"No events received, continuing..."}
{"level":"INFO","timeStamp":"2025-10-09 12:09:18","source Code":"server/election.go:337","message":"No events received, continuing..."}
{"level":"INFO","timeStamp":"2025-10-09 12:09:23","source Code":"server/election.go:337","message":"No events received, continuing..."}
{"level":"INFO","timeStamp":"2025-10-09 12:09:28","source Code":"server/election.go:337","message":"No events received, continuing..."}
{"level":"INFO","timeStamp":"2025-10-09 12:09:33","source Code":"server/election.go:337","message":"No events received, continuing..."}
{"level":"INFO","timeStamp":"2025-10-09 12:09:38","source Code":"server/election.go:337","message":"No events received, continuing..."}
{"level":"INFO","timeStamp":"2025-10-09 12:09:43","source Code":"server/election.go:337","message":"No events received, continuing..."}
{"level":"INFO","timeStamp":"2025-10-09 12:09:48","source Code":"server/election.go:337","message":"No events received, continuing..."}
{"level":"INFO","timeStamp":"2025-10-09 12:09:53","source Code":"server/election.go:337","message":"No events received, continuing..."}
{"level":"INFO","timeStamp":"2025-10-09 12:09:58","source Code":"server/election.go:337","message":"No events received, continuing..."}
{"level":"INFO","timeStamp":"2025-10-09 12:10:03","source Code":"server/election.go:337","message":"No events received, continuing..."}
{"level":"INFO","timeStamp":"2025-10-09 12:10:08","source Code":"server/election.go:337","message":"No events received, continuing..."}
{"level":"INFO","timeStamp":"2025-10-09 12:10:13","source Code":"server/election.go:337","message":"No events received, continuing..."}
{"level":"INFO","timeStamp":"2025-10-09 12:10:18","source Code":"server/election.go:337","message":"No events received, continuing..."}
{"level":"INFO","timeStamp":"2025-10-09 12:10:23","source Code":"server/election.go:337","message":"No events received, continuing..."}
{"level":"INFO","timeStamp":"2025-10-09 12:10:28","source Code":"server/election.go:337","message":"No events received, continuing..."}
{"level":"INFO","timeStamp":"2025-10-09 12:10:33","source Code":"server/election.go:337","message":"No events received, continuing..."}
{"level":"INFO","timeStamp":"2025-10-09 12:10:38","source Code":"server/election.go:337","message":"No events received, continuing..."}
{"level":"INFO","timeStamp":"2025-10-09 12:10:43","source Code":"server/election.go:337","message":"No events received, continuing..."}
{"level":"INFO","timeStamp":"2025-10-09 12:10:48","source Code":"server/election.go:337","message":"No events received, continuing..."}
